d:\c++\studia\jipplab\yachts\x64\debug\vc142.pdb
d:\c++\studia\jipplab\yachts\x64\debug\vc142.idb
d:\c++\studia\jipplab\yachts\x64\debug\yachts.obj
d:\c++\studia\jipplab\yachts\x64\debug\yacht.obj
d:\c++\studia\jipplab\yachts\x64\debug\sailor.obj
d:\c++\studia\jipplab\yachts\x64\debug\reservation.obj
d:\c++\studia\jipplab\yachts\x64\debug\person.obj
d:\c++\studia\jipplab\yachts\x64\debug\errors.obj
d:\c++\studia\jipplab\yachts\x64\debug\employee.obj
d:\c++\studia\jipplab\yachts\x64\debug\yacht-port.obj
d:\c++\studia\jipplab\yachts\x64\debug\interface.obj
d:\c++\studia\jipplab\yachts\x64\debug\interface-yachts.obj
d:\c++\studia\jipplab\yachts\x64\debug\interface-sailors.obj
d:\c++\studia\jipplab\yachts\x64\debug\interface-employee.obj
d:\c++\studia\jipplab\yachts\x64\debug\interface-data.obj
d:\c++\studia\jipplab\yachts\x64\debug\utils.obj
d:\c++\studia\jipplab\yachts\x64\debug\yachts.exe
d:\c++\studia\jipplab\yachts\x64\debug\yachts.ilk
d:\c++\studia\jipplab\yachts\x64\debug\yachts.pdb
d:\c++\studia\jipplab\yachts\x64\debug\interface-yachts.obj.enc
d:\c++\studia\jipplab\yachts\x64\debug\yachts.tlog\cl.command.1.tlog
d:\c++\studia\jipplab\yachts\x64\debug\yachts.tlog\cl.read.1.tlog
d:\c++\studia\jipplab\yachts\x64\debug\yachts.tlog\cl.write.1.tlog
d:\c++\studia\jipplab\yachts\x64\debug\yachts.tlog\link.command.1.tlog
d:\c++\studia\jipplab\yachts\x64\debug\yachts.tlog\link.read.1.tlog
d:\c++\studia\jipplab\yachts\x64\debug\yachts.tlog\link.write.1.tlog
