  employee.cpp
  person.cpp
  sailor.cpp
  yacht.h
  Generating Code...
x64\Debug\yacht-port.obj : warning LNK4042: object specified more than once; extras ignored
x64\Debug\yacht.obj : warning LNK4042: object specified more than once; extras ignored
interface-employee.obj : error LNK2019: unresolved external symbol "public: class std::vector<class Employee,class std::allocator<class Employee> > const __cdecl YachtPort::getEmployees(void)const " (?getEmployees@YachtPort@@QEBA?BV?$vector@VEmployee@@V?$allocator@VEmployee@@@std@@@std@@XZ) referenced in function "private: void __cdecl UserInterface::handleDisplayEmployees(void)const " (?handleDisplayEmployees@UserInterface@@AEBAXXZ)
interface-employee.obj : error LNK2019: unresolved external symbol "public: class Employee const * __cdecl YachtPort::getEmployeeByName(class std::basic_string<char,struct std::char_traits<char>,class std::allocator<char> > const &,class std::basic_string<char,struct std::char_traits<char>,class std::allocator<char> > const &)const " (?getEmployeeByName@YachtPort@@QEBAPEBVEmployee@@AEBV?$basic_string@DU?$char_traits@D@std@@V?$allocator@D@2@@std@@0@Z) referenced in function "private: void __cdecl UserInterface::handleRemoveEmployee(void)" (?handleRemoveEmployee@UserInterface@@AEAAXXZ)
interface-employee.obj : error LNK2019: unresolved external symbol "public: class YachtPort & __cdecl YachtPort::operator+=(class Employee const &)" (??YYachtPort@@QEAAAEAV0@AEBVEmployee@@@Z) referenced in function "private: void __cdecl UserInterface::handleAddEmployee(void)" (?handleAddEmployee@UserInterface@@AEAAXXZ)
interface-sailors.obj : error LNK2019: unresolved external symbol "public: class std::vector<class Sailor,class std::allocator<class Sailor> > const & __cdecl YachtPort::getSailors(void)const " (?getSailors@YachtPort@@QEBAAEBV?$vector@VSailor@@V?$allocator@VSailor@@@std@@@std@@XZ) referenced in function "private: void __cdecl UserInterface::handleDisplaySailors(void)const " (?handleDisplaySailors@UserInterface@@AEBAXXZ)
interface-sailors.obj : error LNK2019: unresolved external symbol "public: class Sailor const * __cdecl YachtPort::getSailorByName(class std::basic_string<char,struct std::char_traits<char>,class std::allocator<char> > const &,class std::basic_string<char,struct std::char_traits<char>,class std::allocator<char> > const &)const " (?getSailorByName@YachtPort@@QEBAPEBVSailor@@AEBV?$basic_string@DU?$char_traits@D@std@@V?$allocator@D@2@@std@@0@Z) referenced in function "private: void __cdecl UserInterface::handleRemoveSailor(void)" (?handleRemoveSailor@UserInterface@@AEAAXXZ)
interface-sailors.obj : error LNK2019: unresolved external symbol "public: class YachtPort & __cdecl YachtPort::operator+=(class Sailor const &)" (??YYachtPort@@QEAAAEAV0@AEBVSailor@@@Z) referenced in function "private: void __cdecl UserInterface::handleAddSailor(void)" (?handleAddSailor@UserInterface@@AEAAXXZ)
interface-yachts.obj : error LNK2019: unresolved external symbol "public: __cdecl Yacht::Yacht(class std::basic_string<char,struct std::char_traits<char>,class std::allocator<char> > const &,double,int,int)" (??0Yacht@@QEAA@AEBV?$basic_string@DU?$char_traits@D@std@@V?$allocator@D@2@@std@@NHH@Z) referenced in function "private: void __cdecl UserInterface::handleAddYacht(void)" (?handleAddYacht@UserInterface@@AEAAXXZ)
interface-yachts.obj : error LNK2019: unresolved external symbol "public: class std::basic_string<char,struct std::char_traits<char>,class std::allocator<char> > const & __cdecl Yacht::getName(void)const " (?getName@Yacht@@QEBAAEBV?$basic_string@DU?$char_traits@D@std@@V?$allocator@D@2@@std@@XZ) referenced in function "private: void __cdecl UserInterface::handleDisplayYachts(void)const " (?handleDisplayYachts@UserInterface@@AEBAXXZ)
interface-yachts.obj : error LNK2019: unresolved external symbol "public: double __cdecl Yacht::getLength(void)const " (?getLength@Yacht@@QEBANXZ) referenced in function "private: void __cdecl UserInterface::handleDisplayYachts(void)const " (?handleDisplayYachts@UserInterface@@AEBAXXZ)
interface-yachts.obj : error LNK2019: unresolved external symbol "public: int __cdecl Yacht::getMaxPassengers(void)const " (?getMaxPassengers@Yacht@@QEBAHXZ) referenced in function "private: void __cdecl UserInterface::handleDisplayYachts(void)const " (?handleDisplayYachts@UserInterface@@AEBAXXZ)
interface-yachts.obj : error LNK2019: unresolved external symbol "public: int __cdecl Yacht::getId(void)const " (?getId@Yacht@@QEBAHXZ) referenced in function "private: void __cdecl UserInterface::handleDisplayYachts(void)const " (?handleDisplayYachts@UserInterface@@AEBAXXZ)
interface-yachts.obj : error LNK2019: unresolved external symbol "public: class std::vector<class Yacht,class std::allocator<class Yacht> > const & __cdecl YachtPort::getYachts(void)const " (?getYachts@YachtPort@@QEBAAEBV?$vector@VYacht@@V?$allocator@VYacht@@@std@@@std@@XZ) referenced in function "private: void __cdecl UserInterface::handleDisplayYachts(void)const " (?handleDisplayYachts@UserInterface@@AEBAXXZ)
interface-yachts.obj : error LNK2019: unresolved external symbol "public: class YachtPort & __cdecl YachtPort::operator+=(class Yacht const &)" (??YYachtPort@@QEAAAEAV0@AEBVYacht@@@Z) referenced in function "private: void __cdecl UserInterface::handleAddYacht(void)" (?handleAddYacht@UserInterface@@AEAAXXZ)
interface-yachts.obj : error LNK2019: unresolved external symbol "public: int __cdecl YachtPort::generateNextYachtId(void)" (?generateNextYachtId@YachtPort@@QEAAHXZ) referenced in function "private: void __cdecl UserInterface::handleAddYacht(void)" (?handleAddYacht@UserInterface@@AEAAXXZ)
interface-yachts.obj : error LNK2019: unresolved external symbol "public: class Yacht const * __cdecl YachtPort::getYachtById(int)const " (?getYachtById@YachtPort@@QEBAPEBVYacht@@H@Z) referenced in function "private: void __cdecl UserInterface::handleRemoveYacht(void)" (?handleRemoveYacht@UserInterface@@AEAAXXZ)
interface.obj : error LNK2019: unresolved external symbol "private: void __cdecl UserInterface::displayReservationMenu(void)" (?displayReservationMenu@UserInterface@@AEAAXXZ) referenced in function "public: void __cdecl UserInterface::displayMenu(void)" (?displayMenu@UserInterface@@QEAAXXZ)
D:\C++\studia\JippLab\yachts\x64\Debug\yachts.exe : fatal error LNK1120: 16 unresolved externals
